<?xml version="1.0" encoding="UTF-8"?>
<!-- Generated by org.testng.reporters.JUnitReportReporter -->
<testsuite hostname="DESKTOP-ABDFQ7A" failures="0" tests="3" name="com.crm.qa.tests.HomePageTest" time="3.156" errors="1" timestamp="2021-09-13T01:29:09 EDT" skipped="2">
  <testcase classname="com.crm.qa.tests.HomePageTest" name="setup" time="3.156">
    <error message="session not created: This version of ChromeDriver only supports Chrome version 91
Current browser version is 93.0.4577.63 with binary path C:\Program Files\Google\Chrome\Application\chrome.exe
Build info: version: &#039;3.141.59&#039;, revision: &#039;e82be7d358&#039;, time: &#039;2018-11-14T08:17:03&#039;
System info: host: &#039;DESKTOP-ABDFQ7A&#039;, ip: &#039;192.168.42.41&#039;, os.name: &#039;Windows 10&#039;, os.arch: &#039;amd64&#039;, os.version: &#039;10.0&#039;, java.version: &#039;16.0.2&#039;
Driver info: driver.version: ChromeDriver
remote stacktrace: Backtrace:
	Ordinal0 [0x00542DB3+2502067]
	Ordinal0 [0x004DC5B1+2082225]
	Ordinal0 [0x003E2498+1057944]
	Ordinal0 [0x004005DA+1181146]
	Ordinal0 [0x003FC43C+1164348]
	Ordinal0 [0x003F9C73+1154163]
	Ordinal0 [0x00429A22+1350178]
	Ordinal0 [0x0042967A+1349242]
	Ordinal0 [0x00425BEB+1334251]
	Ordinal0 [0x00402174+1188212]
	Ordinal0 [0x00403009+1191945]
	GetHandleVerifier [0x006BEC5C+1511084]
	GetHandleVerifier [0x00768522+2205554]
	GetHandleVerifier [0x005C3393+480739]
	GetHandleVerifier [0x005C2579+477129]
	Ordinal0 [0x004E1E5D+2104925]
	Ordinal0 [0x004E63F8+2122744]
	Ordinal0 [0x004E6537+2123063]
	Ordinal0 [0x004EEE53+2158163]
	BaseThreadInitThunk [0x75BF6359+25]
	RtlGetAppContainerNamedObjectPath [0x77DA7B74+228]
	RtlGetAppContainerNamedObjectPath [0x77DA7B44+180]
" type="org.openqa.selenium.SessionNotCreatedException">
      <![CDATA[org.openqa.selenium.SessionNotCreatedException: session not created: This version of ChromeDriver only supports Chrome version 91
Current browser version is 93.0.4577.63 with binary path C:\Program Files\Google\Chrome\Application\chrome.exe
Build info: version: '3.141.59', revision: 'e82be7d358', time: '2018-11-14T08:17:03'
System info: host: 'DESKTOP-ABDFQ7A', ip: '192.168.42.41', os.name: 'Windows 10', os.arch: 'amd64', os.version: '10.0', java.version: '16.0.2'
Driver info: driver.version: ChromeDriver
remote stacktrace: Backtrace:
Ordinal0 [0x00542DB3+2502067]
Ordinal0 [0x004DC5B1+2082225]
Ordinal0 [0x003E2498+1057944]
Ordinal0 [0x004005DA+1181146]
Ordinal0 [0x003FC43C+1164348]
Ordinal0 [0x003F9C73+1154163]
Ordinal0 [0x00429A22+1350178]
Ordinal0 [0x0042967A+1349242]
Ordinal0 [0x00425BEB+1334251]
Ordinal0 [0x00402174+1188212]
Ordinal0 [0x00403009+1191945]
GetHandleVerifier [0x006BEC5C+1511084]
GetHandleVerifier [0x00768522+2205554]
GetHandleVerifier [0x005C3393+480739]
GetHandleVerifier [0x005C2579+477129]
Ordinal0 [0x004E1E5D+2104925]
Ordinal0 [0x004E63F8+2122744]
Ordinal0 [0x004E6537+2123063]
Ordinal0 [0x004EEE53+2158163]
BaseThreadInitThunk [0x75BF6359+25]
RtlGetAppContainerNamedObjectPath [0x77DA7B74+228]
RtlGetAppContainerNamedObjectPath [0x77DA7B44+180]

at java.base/jdk.internal.reflect.NativeConstructorAccessorImpl.newInstance0(Native Method)
at java.base/jdk.internal.reflect.NativeConstructorAccessorImpl.newInstance(NativeConstructorAccessorImpl.java:78)
at java.base/jdk.internal.reflect.DelegatingConstructorAccessorImpl.newInstance(DelegatingConstructorAccessorImpl.java:45)
at java.base/java.lang.reflect.Constructor.newInstanceWithCaller(Constructor.java:499)
at java.base/java.lang.reflect.Constructor.newInstance(Constructor.java:480)
at org.openqa.selenium.remote.W3CHandshakeResponse.lambda$errorHandler$0(W3CHandshakeResponse.java:62)
at org.openqa.selenium.remote.HandshakeResponse.lambda$getResponseFunction$0(HandshakeResponse.java:30)
at org.openqa.selenium.remote.ProtocolHandshake.lambda$createSession$0(ProtocolHandshake.java:126)
at java.base/java.util.stream.ReferencePipeline$3$1.accept(ReferencePipeline.java:197)
at java.base/java.util.Spliterators$ArraySpliterator.tryAdvance(Spliterators.java:958)
at java.base/java.util.stream.ReferencePipeline.forEachWithCancel(ReferencePipeline.java:129)
at java.base/java.util.stream.AbstractPipeline.copyIntoWithCancel(AbstractPipeline.java:502)
at java.base/java.util.stream.AbstractPipeline.copyInto(AbstractPipeline.java:488)
at java.base/java.util.stream.AbstractPipeline.wrapAndCopyInto(AbstractPipeline.java:474)
at java.base/java.util.stream.FindOps$FindOp.evaluateSequential(FindOps.java:150)
at java.base/java.util.stream.AbstractPipeline.evaluate(AbstractPipeline.java:234)
at java.base/java.util.stream.ReferencePipeline.findFirst(ReferencePipeline.java:647)
at org.openqa.selenium.remote.ProtocolHandshake.createSession(ProtocolHandshake.java:128)
at org.openqa.selenium.remote.ProtocolHandshake.createSession(ProtocolHandshake.java:74)
at org.openqa.selenium.remote.HttpCommandExecutor.execute(HttpCommandExecutor.java:136)
at org.openqa.selenium.remote.service.DriverCommandExecutor.execute(DriverCommandExecutor.java:83)
at org.openqa.selenium.remote.RemoteWebDriver.execute(RemoteWebDriver.java:552)
at org.openqa.selenium.remote.RemoteWebDriver.startSession(RemoteWebDriver.java:213)
at org.openqa.selenium.remote.RemoteWebDriver.<init>(RemoteWebDriver.java:131)
at org.openqa.selenium.chrome.ChromeDriver.<init>(ChromeDriver.java:181)
at org.openqa.selenium.chrome.ChromeDriver.<init>(ChromeDriver.java:168)
at org.openqa.selenium.chrome.ChromeDriver.<init>(ChromeDriver.java:123)
at com.crm.qa.base.TestBase.initlization(TestBase.java:41)
at com.crm.qa.tests.HomePageTest.setup(HomePageTest.java:25)
at java.base/jdk.internal.reflect.NativeMethodAccessorImpl.invoke0(Native Method)
at java.base/jdk.internal.reflect.NativeMethodAccessorImpl.invoke(NativeMethodAccessorImpl.java:78)
at java.base/jdk.internal.reflect.DelegatingMethodAccessorImpl.invoke(DelegatingMethodAccessorImpl.java:43)
at java.base/java.lang.reflect.Method.invoke(Method.java:567)
at org.testng.internal.MethodInvocationHelper.invokeMethod(MethodInvocationHelper.java:133)
at org.testng.internal.MethodInvocationHelper.invokeMethodConsideringTimeout(MethodInvocationHelper.java:62)
at org.testng.internal.ConfigInvoker.invokeConfigurationMethod(ConfigInvoker.java:385)
at org.testng.internal.ConfigInvoker.invokeConfigurations(ConfigInvoker.java:321)
at org.testng.internal.TestInvoker.runConfigMethods(TestInvoker.java:700)
at org.testng.internal.TestInvoker.invokeMethod(TestInvoker.java:527)
at org.testng.internal.TestInvoker.invokeTestMethod(TestInvoker.java:173)
at org.testng.internal.MethodRunner.runInSequence(MethodRunner.java:46)
at org.testng.internal.TestInvoker$MethodInvocationAgent.invoke(TestInvoker.java:824)
at org.testng.internal.TestInvoker.invokeTestMethods(TestInvoker.java:146)
at org.testng.internal.TestMethodWorker.invokeTestMethods(TestMethodWorker.java:146)
at org.testng.internal.TestMethodWorker.run(TestMethodWorker.java:128)
at java.base/java.util.ArrayList.forEach(ArrayList.java:1511)
at org.testng.TestRunner.privateRun(TestRunner.java:794)
at org.testng.TestRunner.run(TestRunner.java:596)
at org.testng.SuiteRunner.runTest(SuiteRunner.java:377)
at org.testng.SuiteRunner.runSequentially(SuiteRunner.java:371)
at org.testng.SuiteRunner.privateRun(SuiteRunner.java:332)
at org.testng.SuiteRunner.run(SuiteRunner.java:276)
at org.testng.SuiteRunnerWorker.runSuite(SuiteRunnerWorker.java:53)
at org.testng.SuiteRunnerWorker.run(SuiteRunnerWorker.java:96)
at org.testng.TestNG.runSuitesSequentially(TestNG.java:1212)
at org.testng.TestNG.runSuitesLocally(TestNG.java:1134)
at org.testng.TestNG.runSuites(TestNG.java:1063)
at org.testng.TestNG.run(TestNG.java:1031)
at org.testng.remote.AbstractRemoteTestNG.run(AbstractRemoteTestNG.java:115)
at org.testng.remote.RemoteTestNG.initAndRun(RemoteTestNG.java:251)
at org.testng.remote.RemoteTestNG.main(RemoteTestNG.java:77)
]]>
    </error>
  </testcase> <!-- setup -->
  <system-out/>
  <testcase classname="com.crm.qa.tests.HomePageTest" name="clickonContactsTest" time="0.000">
    <skipped/>
  </testcase> <!-- clickonContactsTest -->
  <system-out/>
  <testcase classname="com.crm.qa.tests.HomePageTest" name="verifyuserNamePresentTest">
    <skipped/>
  </testcase> <!-- verifyuserNamePresentTest -->
  <system-out/>
</testsuite> <!-- com.crm.qa.tests.HomePageTest -->
