<?xml version="1.0" encoding="UTF-8"?>
<!-- Generated by org.testng.reporters.JUnitXMLReporter -->
<testsuite ignored="0" hostname="DESKTOP-ABDFQ7A" failures="0" tests="1" name="Test" time="5.342" errors="0" timestamp="2021-09-13T01:30:06 EDT">
  <testcase classname="com.crm.qa.tests.CasePageTest" name="@BeforeMethod setup" time="3.919">
    <failure type="org.openqa.selenium.SessionNotCreatedException" message="session not created: This version of ChromeDriver only supports Chrome version 91
Current browser version is 93.0.4577.63 with binary path C:\Program Files\Google\Chrome\Application\chrome.exe
Build info: version: &amp;apos;3.141.59&amp;apos;, revision: &amp;apos;e82be7d358&amp;apos;, time: &amp;apos;2018-11-14T08:17:03&amp;apos;
System info: host: &amp;apos;DESKTOP-ABDFQ7A&amp;apos;, ip: &amp;apos;192.168.42.41&amp;apos;, os.name: &amp;apos;Windows 10&amp;apos;, os.arch: &amp;apos;amd64&amp;apos;, os.version: &amp;apos;10.0&amp;apos;, java.version: &amp;apos;16.0.2&amp;apos;
Driver info: driver.version: ChromeDriver
remote stacktrace: Backtrace:
	Ordinal0 [0x00542DB3+2502067]
	Ordinal0 [0x004DC5B1+2082225]
	Ordinal0 [0x003E2498+1057944]
	Ordinal0 [0x004005DA+1181146]
	Ordinal0 [0x003FC43C+1164348]
	Ordinal0 [0x003F9C73+1154163]
	Ordinal0 [0x00429A22+1350178]
	Ordinal0 [0x0042967A+1349242]
	Ordinal0 [0x00425BEB+1334251]
	Ordinal0 [0x00402174+1188212]
	Ordinal0 [0x00403009+1191945]
	GetHandleVerifier [0x006BEC5C+1511084]
	GetHandleVerifier [0x00768522+2205554]
	GetHandleVerifier [0x005C3393+480739]
	GetHandleVerifier [0x005C2579+477129]
	Ordinal0 [0x004E1E5D+2104925]
	Ordinal0 [0x004E63F8+2122744]
	Ordinal0 [0x004E6537+2123063]
	Ordinal0 [0x004EEE53+2158163]
	BaseThreadInitThunk [0x75BF6359+25]
	RtlGetAppContainerNamedObjectPath [0x77DA7B74+228]
	RtlGetAppContainerNamedObjectPath [0x77DA7B44+180]
">
      <![CDATA[org.openqa.selenium.SessionNotCreatedException: session not created: This version of ChromeDriver only supports Chrome version 91
Current browser version is 93.0.4577.63 with binary path C:\Program Files\Google\Chrome\Application\chrome.exe
Build info: version: '3.141.59', revision: 'e82be7d358', time: '2018-11-14T08:17:03'
System info: host: 'DESKTOP-ABDFQ7A', ip: '192.168.42.41', os.name: 'Windows 10', os.arch: 'amd64', os.version: '10.0', java.version: '16.0.2'
Driver info: driver.version: ChromeDriver
remote stacktrace: Backtrace:
Ordinal0 [0x00542DB3+2502067]
Ordinal0 [0x004DC5B1+2082225]
Ordinal0 [0x003E2498+1057944]
Ordinal0 [0x004005DA+1181146]
Ordinal0 [0x003FC43C+1164348]
Ordinal0 [0x003F9C73+1154163]
Ordinal0 [0x00429A22+1350178]
Ordinal0 [0x0042967A+1349242]
Ordinal0 [0x00425BEB+1334251]
Ordinal0 [0x00402174+1188212]
Ordinal0 [0x00403009+1191945]
GetHandleVerifier [0x006BEC5C+1511084]
GetHandleVerifier [0x00768522+2205554]
GetHandleVerifier [0x005C3393+480739]
GetHandleVerifier [0x005C2579+477129]
Ordinal0 [0x004E1E5D+2104925]
Ordinal0 [0x004E63F8+2122744]
Ordinal0 [0x004E6537+2123063]
Ordinal0 [0x004EEE53+2158163]
BaseThreadInitThunk [0x75BF6359+25]
RtlGetAppContainerNamedObjectPath [0x77DA7B74+228]
RtlGetAppContainerNamedObjectPath [0x77DA7B44+180]

at org.openqa.selenium.remote.W3CHandshakeResponse.lambda$errorHandler$0(W3CHandshakeResponse.java:62)
at org.openqa.selenium.remote.HandshakeResponse.lambda$getResponseFunction$0(HandshakeResponse.java:30)
at org.openqa.selenium.remote.ProtocolHandshake.lambda$createSession$0(ProtocolHandshake.java:126)
at java.base/java.util.stream.ReferencePipeline$3$1.accept(ReferencePipeline.java:197)
at java.base/java.util.Spliterators$ArraySpliterator.tryAdvance(Spliterators.java:958)
at java.base/java.util.stream.ReferencePipeline.forEachWithCancel(ReferencePipeline.java:129)
at java.base/java.util.stream.AbstractPipeline.copyIntoWithCancel(AbstractPipeline.java:502)
at java.base/java.util.stream.AbstractPipeline.copyInto(AbstractPipeline.java:488)
at java.base/java.util.stream.AbstractPipeline.wrapAndCopyInto(AbstractPipeline.java:474)
at java.base/java.util.stream.FindOps$FindOp.evaluateSequential(FindOps.java:150)
at java.base/java.util.stream.AbstractPipeline.evaluate(AbstractPipeline.java:234)
at java.base/java.util.stream.ReferencePipeline.findFirst(ReferencePipeline.java:647)
at org.openqa.selenium.remote.ProtocolHandshake.createSession(ProtocolHandshake.java:128)
at org.openqa.selenium.remote.ProtocolHandshake.createSession(ProtocolHandshake.java:74)
at org.openqa.selenium.remote.HttpCommandExecutor.execute(HttpCommandExecutor.java:136)
at org.openqa.selenium.remote.service.DriverCommandExecutor.execute(DriverCommandExecutor.java:83)
at org.openqa.selenium.remote.RemoteWebDriver.execute(RemoteWebDriver.java:552)
at org.openqa.selenium.remote.RemoteWebDriver.startSession(RemoteWebDriver.java:213)
at org.openqa.selenium.remote.RemoteWebDriver.<init>(RemoteWebDriver.java:131)
at org.openqa.selenium.chrome.ChromeDriver.<init>(ChromeDriver.java:181)
at org.openqa.selenium.chrome.ChromeDriver.<init>(ChromeDriver.java:168)
at org.openqa.selenium.chrome.ChromeDriver.<init>(ChromeDriver.java:123)
at com.crm.qa.base.TestBase.initlization(TestBase.java:41)
at com.crm.qa.tests.CasePageTest.setup(CasePageTest.java:25)
at java.base/java.util.ArrayList.forEach(ArrayList.java:1511)
... Removed 36 stack frames]]>
    </failure>
  </testcase> <!-- @BeforeMethod setup -->
  <testcase classname="com.crm.qa.tests.CasePageTest" name="@AfterMethod teardown" time="-1.631511005976E9">
    <skipped/>
  </testcase> <!-- @AfterMethod teardown -->
  <testcase classname="com.crm.qa.tests.CasePageTest" name="testcase" time="0.0">
    <skipped/>
  </testcase> <!-- testcase -->
</testsuite> <!-- Test -->
